<?xml version="1.0" encoding="UTF-8"?>
<!-- Generated by org.testng.reporters.JUnitXMLReporter -->
<testsuite ignored="0" hostname="EPUAKYIW06F7" failures="0" tests="13" name="Surefire test" time="24.165" errors="0" timestamp="2024-07-15T22:33:00 EEST">
  <testcase classname="com.epam.mentoring.taf.api.SearchingByTagApiTest" name="apiNegativeVerification" time="3.312"/>
  <testcase classname="com.epam.mentoring.taf.api.SearchingByTagApiTest" name="apiVerification1" time="0.672"/>
  <testcase classname="com.epam.mentoring.taf.api.SearchingByTagApiTest" name="apiVerification2" time="0.521"/>
  <testcase classname="com.epam.mentoring.taf.api.SearchingByTagApiTest" name="apiVerification3" time="0.556"/>
  <testcase classname="com.epam.mentoring.taf.api.UserSignInApiTest" name="apiNegativeVerification" time="0.49"/>
  <testcase classname="com.epam.mentoring.taf.api.UserSignInApiTest" name="apiVerification" time="0.41"/>
  <testcase classname="com.epam.mentoring.taf.api.UserSignUpApiTest" name="apiAlreadyRegisteredVerification" time="0.348"/>
  <testcase classname="com.epam.mentoring.taf.api.UserSignUpApiTest" name="apiEmptyEmailVerification" time="0.324"/>
  <testcase classname="com.epam.mentoring.taf.api.UserSignUpApiTest" name="apiVerification" time="0.436"/>
  <testcase classname="com.epam.mentoring.taf.ui.SearchingByTagTest" name="uiVerification" time="2.076"/>
  <testcase classname="com.epam.mentoring.taf.ui.UserSignInTest" name="uiNegativeVerification" time="1.73"/>
  <testcase classname="com.epam.mentoring.taf.ui.UserSignInTest" name="uiVerification" time="1.746"/>
  <testcase classname="com.epam.mentoring.taf.ui.UserSignUpTest" name="uiVerification" time="2.01"/>
</testsuite> <!-- Surefire test -->
