<?xml version="1.0" encoding="UTF-8"?>
<testsuite xmlns:xsi="http://www.w3.org/2001/XMLSchema-instance" xsi:noNamespaceSchemaLocation="https://maven.apache.org/surefire/maven-surefire-plugin/xsd/surefire-test-report-3.0.xsd" version="3.0" name="TestSuite" time="24.623" tests="13" errors="0" skipped="0" failures="0">
  <properties>
[...]
</properties>
  <testcase name="apiNegativeVerification" classname="com.epam.mentoring.taf.api.SearchingByTagApiTest" time="3.313">
    <system-err><![CDATA[SLF4J(W): No SLF4J providers were found.
SLF4J(W): Defaulting to no-operation (NOP) logger implementation
SLF4J(W): See https://www.slf4j.org/codes.html#noProviders for further details.
]]></system-err>
  </testcase>
  <testcase name="apiVerification1" classname="com.epam.mentoring.taf.api.SearchingByTagApiTest" time="0.671"/>
  <testcase name="apiVerification2" classname="com.epam.mentoring.taf.api.SearchingByTagApiTest" time="0.521"/>
  <testcase name="apiVerification3" classname="com.epam.mentoring.taf.api.SearchingByTagApiTest" time="0.557"/>
  <testcase name="apiNegativeVerification" classname="com.epam.mentoring.taf.api.UserSignInApiTest" time="0.491"/>
  <testcase name="apiVerification" classname="com.epam.mentoring.taf.api.UserSignInApiTest" time="0.409"/>
  <testcase name="apiAlreadyRegisteredVerification" classname="com.epam.mentoring.taf.api.UserSignUpApiTest" time="0.348"/>
  <testcase name="apiEmptyEmailVerification" classname="com.epam.mentoring.taf.api.UserSignUpApiTest" time="0.324"/>
  <testcase name="apiVerification" classname="com.epam.mentoring.taf.api.UserSignUpApiTest" time="0.437"/>
  <testcase name="uiVerification" classname="com.epam.mentoring.taf.ui.SearchingByTagTest" time="2.075">
    <system-err><![CDATA[Starting ChromeDriver 126.0.6478.126 (d36ace6122e0a59570e258d82441395206d60e1c-refs/branch-heads/6478@{#1591}) on port 34708
Only local connections are allowed.
Please see https://chromedriver.chromium.org/security-considerations for suggestions on keeping ChromeDriver safe.
ChromeDriver was started successfully.
Jul 15, 2024 10:32:45 PM org.openqa.selenium.remote.ProtocolHandshake createSession
INFO: Detected dialect: W3C
]]></system-err>
  </testcase>
  <testcase name="uiNegativeVerification" classname="com.epam.mentoring.taf.ui.UserSignInTest" time="1.729">
    <system-err><![CDATA[Starting ChromeDriver 126.0.6478.126 (d36ace6122e0a59570e258d82441395206d60e1c-refs/branch-heads/6478@{#1591}) on port 41802
Only local connections are allowed.
Please see https://chromedriver.chromium.org/security-considerations for suggestions on keeping ChromeDriver safe.
ChromeDriver was started successfully.
Jul 15, 2024 10:32:50 PM org.openqa.selenium.remote.ProtocolHandshake createSession
INFO: Detected dialect: W3C
]]></system-err>
  </testcase>
  <testcase name="uiVerification" classname="com.epam.mentoring.taf.ui.UserSignInTest" time="1.746">
    <system-err><![CDATA[Starting ChromeDriver 126.0.6478.126 (d36ace6122e0a59570e258d82441395206d60e1c-refs/branch-heads/6478@{#1591}) on port 33284
Only local connections are allowed.
Please see https://chromedriver.chromium.org/security-considerations for suggestions on keeping ChromeDriver safe.
ChromeDriver was started successfully.
Jul 15, 2024 10:32:54 PM org.openqa.selenium.remote.ProtocolHandshake createSession
INFO: Detected dialect: W3C
]]></system-err>
  </testcase>
  <testcase name="uiVerification" classname="com.epam.mentoring.taf.ui.UserSignUpTest" time="2.009">
    <system-err><![CDATA[Starting ChromeDriver 126.0.6478.126 (d36ace6122e0a59570e258d82441395206d60e1c-refs/branch-heads/6478@{#1591}) on port 30707
Only local connections are allowed.
Please see https://chromedriver.chromium.org/security-considerations for suggestions on keeping ChromeDriver safe.
ChromeDriver was started successfully.
Jul 15, 2024 10:32:58 PM org.openqa.selenium.remote.ProtocolHandshake createSession
INFO: Detected dialect: W3C
]]></system-err>
  </testcase>
</testsuite>